{
    "Strategy": "Hashed",
    "Partial Mode": "Simple",
    "Parallel Aware": false,
    "Startup Cost": 121.11,
    "Total Cost": 122.63,
    "Plan Rows": 41,
    "Plan Width": 16,
    "Actual Startup Time": 4.414,
    "Actual Total Time": 4.441,
    "Actual Rows": 97,
    "Actual Loops": 1,
    "Group Key": [
        "c.customernumber"
    ],
    "Filter": "(count(*) > 4)",
    "Rows Removed by Filter": 1,
    "*Actual Cost": 23.989999999999995,
    "*Actual Duration": 1.0749999999999997,
    "*Largest Node (by rows)": false,
    "*Costiest Node (by cost)": false,
    "*Slowest Node (by duration)": false,
    "*Percent Duration": 23,
    "Node Type": "Aggregate",
    "Children": [
        {
            "Parent Relationship": "Outer",
            "Parallel Aware": false,
            "Join Type": "Inner",
            "Startup Cost": 17.08,
            "Total Cost": 98.64,
            "Plan Rows": 2996,
            "Plan Width": 8,
            "Actual Startup Time": 0.322,
            "Actual Total Time": 3.366,
            "Actual Rows": 2996,
            "Actual Loops": 1,
            "Inner Unique": true,
            "Hash Cond": "(o.customernumber = c.customernumber)",
            "*Actual Cost": 9.670000000000002,
            "*Actual Duration": 1.065,
            "*Largest Node (by rows)": true,
            "*Costiest Node (by cost)": false,
            "*Slowest Node (by duration)": false,
            "*Percent Duration": 23,
            "Node Type": "Hash Join",
            "Children": [
                {
                    "Parent Relationship": "Outer",
                    "Parallel Aware": false,
                    "Join Type": "Inner",
                    "Startup Cost": 11.34,
                    "Total Cost": 84.75,
                    "Plan Rows": 2996,
                    "Plan Width": 8,
                    "Actual Startup Time": 0.222,
                    "Actual Total Time": 2.22,
                    "Actual Rows": 2996,
                    "Actual Loops": 1,
                    "Inner Unique": true,
                    "Hash Cond": "(od.ordernumber = o.ordernumber)",
                    "*Actual Cost": 12.039999999999992,
                    "*Actual Duration": 1.1610000000000003,
                    "*Largest Node (by rows)": true,
                    "*Costiest Node (by cost)": false,
                    "*Slowest Node (by duration)": true,
                    "*Percent Duration": 25,
                    "Node Type": "Hash Join",
                    "Children": [
                        {
                            "Parent Relationship": "Outer",
                            "Parallel Aware": false,
                            "Relation Name": "orderdetails",
                            "Alias": "od",
                            "Startup Cost": 0.0,
                            "Total Cost": 65.45,
                            "Plan Rows": 2996,
                            "Plan Width": 8,
                            "Actual Startup Time": 0.01,
                            "Actual Total Time": 0.865,
                            "Actual Rows": 2996,
                            "Actual Loops": 1,
                            "Filter": "(quantityordered > 1)",
                            "Rows Removed by Filter": 0,
                            "*Actual Cost": 65.45,
                            "*Actual Duration": 0.865,
                            "*Largest Node (by rows)": true,
                            "*Costiest Node (by cost)": true,
                            "*Slowest Node (by duration)": false,
                            "*Percent Duration": 18,
                            "Node Type": "Seq Scan",
                            "Children": []
                        },
                        {
                            "Parent Relationship": "Inner",
                            "Parallel Aware": false,
                            "Startup Cost": 7.26,
                            "Total Cost": 7.26,
                            "Plan Rows": 326,
                            "Plan Width": 16,
                            "Actual Startup Time": 0.194,
                            "Actual Total Time": 0.194,
                            "Actual Rows": 326,
                            "Actual Loops": 1,
                            "Hash Buckets": 1024,
                            "Original Hash Buckets": 1024,
                            "Hash Batches": 1,
                            "Original Hash Batches": 1,
                            "Peak Memory Usage": 24,
                            "*Actual Cost": 0.0,
                            "*Actual Duration": 0.093,
                            "*Largest Node (by rows)": false,
                            "*Costiest Node (by cost)": false,
                            "*Slowest Node (by duration)": false,
                            "*Percent Duration": 2,
                            "Node Type": "Hash",
                            "Children": [
                                {
                                    "Parent Relationship": "Outer",
                                    "Parallel Aware": false,
                                    "Relation Name": "orders",
                                    "Alias": "o",
                                    "Startup Cost": 0.0,
                                    "Total Cost": 7.26,
                                    "Plan Rows": 326,
                                    "Plan Width": 16,
                                    "Actual Startup Time": 0.009,
                                    "Actual Total Time": 0.101,
                                    "Actual Rows": 326,
                                    "Actual Loops": 1,
                                    "*Actual Cost": 7.26,
                                    "*Actual Duration": 0.101,
                                    "*Largest Node (by rows)": false,
                                    "*Costiest Node (by cost)": false,
                                    "*Slowest Node (by duration)": false,
                                    "*Percent Duration": 2,
                                    "Node Type": "Seq Scan",
                                    "Children": []
                                }
                            ]
                        }
                    ]
                },
                {
                    "Parent Relationship": "Inner",
                    "Parallel Aware": false,
                    "Startup Cost": 4.22,
                    "Total Cost": 4.22,
                    "Plan Rows": 122,
                    "Plan Width": 8,
                    "Actual Startup Time": 0.081,
                    "Actual Total Time": 0.081,
                    "Actual Rows": 122,
                    "Actual Loops": 1,
                    "Hash Buckets": 1024,
                    "Original Hash Buckets": 1024,
                    "Hash Batches": 1,
                    "Original Hash Batches": 1,
                    "Peak Memory Usage": 13,
                    "*Actual Cost": 0.0,
                    "*Actual Duration": 0.042,
                    "*Largest Node (by rows)": false,
                    "*Costiest Node (by cost)": false,
                    "*Slowest Node (by duration)": false,
                    "*Percent Duration": 1,
                    "Node Type": "Hash",
                    "Children": [
                        {
                            "Parent Relationship": "Outer",
                            "Parallel Aware": false,
                            "Relation Name": "customers",
                            "Alias": "c",
                            "Startup Cost": 0.0,
                            "Total Cost": 4.22,
                            "Plan Rows": 122,
                            "Plan Width": 8,
                            "Actual Startup Time": 0.009,
                            "Actual Total Time": 0.039,
                            "Actual Rows": 122,
                            "Actual Loops": 1,
                            "*Actual Cost": 4.22,
                            "*Actual Duration": 0.039,
                            "*Largest Node (by rows)": false,
                            "*Costiest Node (by cost)": false,
                            "*Slowest Node (by duration)": false,
                            "*Percent Duration": 1,
                            "Node Type": "Seq Scan",
                            "Children": []
                        }
                    ]
                }
            ]
        }
    ]
}