{
    "Strategy": "Hashed",
    "Partial Mode": "Simple",
    "Parallel Aware": false,
    "Startup Cost": 2936.2,
    "Total Cost": 2937.73,
    "Plan Rows": 41,
    "Plan Width": 16,
    "Group Key": [
        "c.customernumber"
    ],
    "Filter": "(count(*) > 4)",
    "*Actual Cost": 915.28,
    "*Actual Duration": 0,
    "*Largest Node (by rows)": false,
    "*Costiest Node (by cost)": false,
    "*Slowest Node (by duration)": false,
    "*Percent Duration": null,
    "Node Type": "Aggregate",
    "Children": [
        {
            "Parent Relationship": "Outer",
            "Parallel Aware": false,
            "Join Type": "Inner",
            "Startup Cost": 577.62,
            "Total Cost": 2022.45,
            "Plan Rows": 121834,
            "Plan Width": 8,
            "Inner Unique": false,
            "Hash Cond": "(od.ordernumber = o.ordernumber)",
            "*Actual Cost": 1545.0900000000001,
            "*Actual Duration": 0,
            "*Largest Node (by rows)": true,
            "*Costiest Node (by cost)": true,
            "*Slowest Node (by duration)": false,
            "*Percent Duration": null,
            "Node Type": "Hash Join",
            "Children": [
                {
                    "Parent Relationship": "Outer",
                    "Parallel Aware": false,
                    "Relation Name": "orderdetails",
                    "Alias": "od",
                    "Startup Cost": 0.0,
                    "Total Cost": 65.45,
                    "Plan Rows": 2996,
                    "Plan Width": 8,
                    "Filter": "(quantityordered > 1)",
                    "*Actual Cost": 65.45,
                    "*Actual Duration": 0,
                    "*Largest Node (by rows)": false,
                    "*Costiest Node (by cost)": false,
                    "*Slowest Node (by duration)": false,
                    "*Percent Duration": null,
                    "Node Type": "Seq Scan",
                    "Children": []
                },
                {
                    "Parent Relationship": "Inner",
                    "Parallel Aware": false,
                    "Startup Cost": 411.91,
                    "Total Cost": 411.91,
                    "Plan Rows": 13257,
                    "Plan Width": 16,
                    "*Actual Cost": 0.0,
                    "*Actual Duration": 0,
                    "*Largest Node (by rows)": false,
                    "*Costiest Node (by cost)": false,
                    "*Slowest Node (by duration)": false,
                    "*Percent Duration": null,
                    "Node Type": "Hash",
                    "Children": [
                        {
                            "Parent Relationship": "Outer",
                            "Parallel Aware": false,
                            "Join Type": "Inner",
                            "Startup Cost": 0.15,
                            "Total Cost": 411.91,
                            "Plan Rows": 13257,
                            "Plan Width": 16,
                            "Inner Unique": false,
                            "*Actual Cost": 405.44,
                            "*Actual Duration": 0,
                            "*Largest Node (by rows)": false,
                            "*Costiest Node (by cost)": false,
                            "*Slowest Node (by duration)": false,
                            "*Percent Duration": null,
                            "Node Type": "Nested Loop",
                            "Children": [
                                {
                                    "Parent Relationship": "Outer",
                                    "Parallel Aware": false,
                                    "Relation Name": "customers",
                                    "Alias": "c",
                                    "Startup Cost": 0.0,
                                    "Total Cost": 4.22,
                                    "Plan Rows": 122,
                                    "Plan Width": 8,
                                    "*Actual Cost": 4.22,
                                    "*Actual Duration": 0,
                                    "*Largest Node (by rows)": false,
                                    "*Costiest Node (by cost)": false,
                                    "*Slowest Node (by duration)": false,
                                    "*Percent Duration": null,
                                    "Node Type": "Seq Scan",
                                    "Children": []
                                },
                                {
                                    "Parent Relationship": "Inner",
                                    "Parallel Aware": false,
                                    "Scan Direction": "Forward",
                                    "Index Name": "idx_16428_customernumber",
                                    "Relation Name": "orders",
                                    "Alias": "o",
                                    "Startup Cost": 0.15,
                                    "Total Cost": 2.25,
                                    "Plan Rows": 109,
                                    "Plan Width": 16,
                                    "Index Cond": "(c.customernumber > customernumber)",
                                    "*Actual Cost": 2.25,
                                    "*Actual Duration": 0,
                                    "*Largest Node (by rows)": false,
                                    "*Costiest Node (by cost)": false,
                                    "*Slowest Node (by duration)": false,
                                    "*Percent Duration": null,
                                    "Node Type": "Index Scan",
                                    "Children": []
                                }
                            ]
                        }
                    ]
                }
            ]
        }
    ]
}